aoc.2015.01/part-1   0.007s   138                                          OK
aoc.2015.01/part-2   0.004s   1771                                         OK
aoc.2015.02/part-1   0.013s   1588178                                      OK
aoc.2015.02/part-2   0.007s   3783758                                      OK
aoc.2015.03/part-1   0.006s   2592                                         OK
aoc.2015.03/part-2   0.016s   2360                                         OK
aoc.2015.04/part-1   0.148s   117946                                       OK
aoc.2015.04/part-2   2.897s   3938038                                      OK
aoc.2015.05/part-1   0.008s   236                                          OK
aoc.2015.05/part-2   0.004s   51                                           OK
aoc.2015.06/part-1   1.110s   543903                                       OK
aoc.2015.06/part-2   1.130s   14687245                                     OK
aoc.2015.07/part-1   0.003s   956                                          OK
aoc.2015.07/part-2   0.019s   40149                                        OK
aoc.2015.08/part-1   0.002s   1371                                         OK
aoc.2015.08/part-2   0.001s   2117                                         OK
aoc.2015.09/part-1   0.187s   207                                          OK
aoc.2015.09/part-2   0.179s   804                                          OK
aoc.2015.10/part-1   0.218s   492982                                       OK
aoc.2015.10/part-2   2.472s   6989950                                      OK
aoc.2015.11/part-1   0.473s   vzbxxyzz                                     OK
aoc.2015.11/part-2   2.427s   vzcaabcc                                     OK
aoc.2015.12/part-1   0.013s   119433                                       OK
aoc.2015.12/part-2   0.016s   68466                                        OK
aoc.2015.13/part-1   0.035s   709                                          OK
aoc.2015.13/part-2   0.255s   668                                          OK
aoc.2015.14/part-1   0.009s   2660                                         OK
aoc.2015.14/part-2   0.005s   1256                                         OK
aoc.2015.15/part-1   0.578s   222870                                       OK
aoc.2015.15/part-2   0.495s   117936                                       OK
aoc.2015.16/part-1   0.002s   103                                          OK
aoc.2015.16/part-2   0.003s   405                                          OK
aoc.2015.17/part-1   0.009s   654                                          OK
aoc.2015.17/part-2   0.009s   57                                           OK
aoc.2015.18/part-1   3.148s   814                                          OK
aoc.2015.18/part-2   3.101s   924                                          OK
aoc.2015.19/part-1   0.002s   535                                          OK
aoc.2015.19/part-2   0.044s   212                                          OK
aoc.2015.20/part-1   5.634s   786240                                       OK
aoc.2015.20/part-2   1.620s   831600                                       OK
aoc.2015.21/part-1   0.008s   121                                          OK
aoc.2015.21/part-2   0.004s   201                                          OK
aoc.2015.22/part-1   0.044s   900                                          OK
aoc.2015.22/part-2   0.058s   1216                                         OK
aoc.2015.23/part-1   0.002s   255                                          OK
aoc.2015.23/part-2   0.001s   334                                          OK
aoc.2015.24/part-1   0.374s   11846773891                                  OK
aoc.2015.24/part-2   0.012s   80393059                                     OK
aoc.2015.25/part-1   0.001s   2650453                                      OK
aoc.2015 (total)    26.830s
aoc.2016.01/part-1   0.002s   252                                          OK
aoc.2016.01/part-2   0.001s   143                                          OK
aoc.2016.02/part-1   0.002s   78985                                        OK
aoc.2016.02/part-2   0.001s   57DD8                                        OK
aoc.2016.03/part-1   0.005s   869                                          OK
aoc.2016.03/part-2   0.005s   1544                                         OK
aoc.2016.04/part-1   0.014s   173787                                       OK
aoc.2016.04/part-2   0.005s   548                                          OK
aoc.2016.05/part-1  10.299s   f77a0e6e                                     OK
aoc.2016.05/part-2  36.999s   999828ec                                     OK
aoc.2016.06/part-1   0.002s   zcreqgiv                                     OK
aoc.2016.06/part-2   0.000s   pljvorrk                                     OK
aoc.2016.07/part-1   0.067s   115                                          OK
aoc.2016.07/part-2   0.060s   231                                          OK
aoc.2016.08/part-1   0.004s   106                                          OK
aoc.2016.08/part-2   0.003s   CFLELOYFCS                                   OK
aoc.2016.09/part-1   0.001s   120765                                       OK
aoc.2016.09/part-2   0.004s   11658395076                                  OK
aoc.2016.10/part-1   0.005s   56                                           OK
aoc.2016.10/part-2   0.003s   7847                                         OK
aoc.2016.11/part-1   0.237s   37                                           OK
aoc.2016.11/part-2   0.714s   61                                           OK
aoc.2016.12/part-1   0.250s   318009                                       OK
aoc.2016.12/part-2   6.161s   9227663                                      OK
aoc.2016.13/part-1   0.003s   90                                           OK
aoc.2016.13/part-2   0.002s   135                                          OK
aoc.2016.14/part-1   2.258s   15168                                        OK
aoc.2016.14/part-2 129.094s   20864                                        OK
aoc.2016.15/part-1   0.001s   317371                                       OK
aoc.2016.15/part-2   0.000s   2080951                                      OK
aoc.2016.16/part-1   0.001s   10010110010011110                            OK
aoc.2016.16/part-2  14.725s   01101011101100011                            OK
aoc.2016.17/part-1   0.000s   RRRLDRDUDD                                   OK
aoc.2016.17/part-2   0.131s   706                                          OK
aoc.2016.18/part-1   0.004s   1987                                         OK
aoc.2016.18/part-2  54.594s   19984714                                     OK
aoc.2016.19/part-1   0.418s   1841611                                      OK
aoc.2016.19/part-2   0.412s   1423634                                      OK
aoc.2016.20/part-1   0.005s   32259706                                     OK
aoc.2016.20/part-2   0.004s   113                                          OK
aoc.2016.21/part-1   0.001s   baecdfgh                                     OK
aoc.2016.21/part-2   0.001s   cegdahbf                                     OK
aoc.2016.22/part-1   0.125s   937                                          OK
aoc.2016.22/part-2   2.169s   188                                          OK
aoc.2016.23/part-1   0.010s   13468                                        OK
aoc.2016.23/part-2   0.009s   479010028                                    OK
aoc.2016.24/part-1   0.224s   500                                          OK
aoc.2016.24/part-2   0.220s   748                                          OK
aoc.2016.25/part-1   0.448s   198                                          OK
aoc.2016 (total)   259.715s
aoc.2017.01/part-1   0.001s   1144                                         OK
aoc.2017.01/part-2   0.001s   1194                                         OK
aoc.2017.02/part-1   0.000s   44887                                        OK
aoc.2017.02/part-2   0.002s   242                                          OK
aoc.2017.03/part-1   0.149s   326                                          OK
aoc.2017.03/part-2   0.003s   363010                                       OK
aoc.2017.04/part-1   0.001s   383                                          OK
aoc.2017.04/part-2   0.003s   265                                          OK
aoc.2017.05/part-1   0.052s   342669                                       OK
aoc.2017.05/part-2   1.479s   25136209                                     OK
aoc.2017.06/part-1   0.028s   11137                                        OK
aoc.2017.06/part-2   0.021s   1037                                         OK
aoc.2017.07/part-1   0.005s   bpvhwhh                                      OK
aoc.2017.07/part-2   0.003s   256                                          OK
aoc.2017.08/part-1   0.006s   5946                                         OK
aoc.2017.08/part-2   0.008s   6026                                         OK
aoc.2017.09/part-1   0.004s   21037                                        OK
aoc.2017.09/part-2   0.002s   9495                                         OK
aoc.2017.10/part-1   0.001s   38628                                        OK
aoc.2017.10/part-2   0.024s   e1462100a34221a7f0906da15c1c979a             OK
aoc.2017.11/part-1   0.005s   682                                          OK
aoc.2017.11/part-2   0.007s   1406                                         OK
aoc.2017.12/part-1   0.003s   145                                          OK
aoc.2017.12/part-2   0.006s   207                                          OK
aoc.2017.13/part-1   0.001s   3184                                         OK
aoc.2017.13/part-2   1.630s   3878062                                      OK
aoc.2017.14/part-1   0.724s   8106                                         OK
aoc.2017.14/part-2   0.731s   1164                                         OK
aoc.2017.15/part-1   6.256s   597                                          OK
aoc.2017.15/part-2   4.356s   303                                          OK
aoc.2017.16/part-1   0.013s   nlciboghjmfdapek                             OK
aoc.2017.16/part-2   0.237s   nlciboghmkedpfja                             OK
aoc.2017.17/part-1   0.124s   1487                                         OK
aoc.2017.17/part-2   0.682s   25674054                                     OK
aoc.2017.18/part-1   0.001s   3423                                         OK
aoc.2017.18/part-2   0.065s   7493                                         OK
aoc.2017.19/part-1   0.017s   HATBMQJYZ                                    OK
aoc.2017.19/part-2   0.016s   16332                                        OK
aoc.2017.20/part-1   0.421s   243                                          OK
aoc.2017.20/part-2   0.132s   648                                          OK
aoc.2017.21/part-1   0.003s   117                                          OK
aoc.2017.21/part-2   3.561s   2026963                                      OK
aoc.2017.22/part-1   0.011s   5339                                         OK
aoc.2017.22/part-2   7.275s   2512380                                      OK
aoc.2017.23/part-1   0.016s   3025                                         OK
aoc.2017.23/part-2   0.006s   915                                          OK
aoc.2017.24/part-1   1.146s   1656                                         OK
aoc.2017.24/part-2   1.021s   1642                                         OK
aoc.2017.25/part-1   2.779s   3732                                         OK
aoc.2017 (total)    33.046s
aoc.2018 (total)     0.001s
aoc.2019.01/part-1   0.000s   3252897                                      OK
aoc.2019.01/part-2   0.000s   4876469                                      OK
aoc.2019.02/part-1   0.001s   3562672                                      OK
aoc.2019.02/part-2   1.539s   8250                                         OK
aoc.2019.03/part-1   0.252s   5319                                         OK
aoc.2019.03/part-2   0.234s   122514                                       OK
aoc.2019.04/part-1   0.176s   1955                                         OK
aoc.2019.04/part-2   0.177s   1319                                         OK
aoc.2019.05/part-1   0.001s   14155342                                     OK
aoc.2019.05/part-2   0.001s   8684145                                      OK
aoc.2019.06/part-1   0.041s   301100                                       OK
aoc.2019.06/part-2   0.002s   547                                          OK
aoc.2019.07/part-1   0.093s   255590                                       OK
aoc.2019.07/part-2   0.108s   58285150                                     OK
aoc.2019.08/part-1   0.004s   1452                                         OK
aoc.2019.08/part-2   0.009s   PHPEU                                        OK
aoc.2019.09/part-1   0.000s   3989758265                                   OK
aoc.2019.09/part-2   0.131s   76791                                        OK
aoc.2019.10/part-1   0.138s   296                                          OK
aoc.2019.10/part-2   0.121s   204                                          OK
aoc.2019.11/part-1   0.048s   2428                                         OK
aoc.2019.11/part-2   0.004s   RJLFBUCU                                     OK
aoc.2019.12/part-1   0.007s   7928                                         OK
aoc.2019.12/part-2   0.961s   518311327635164                              OK
aoc.2019.13/part-1   0.009s   452                                          OK
aoc.2019.13/part-2   0.367s   21415                                        OK
aoc.2019.14/part-1   0.006s   469536                                       OK
aoc.2019.14/part-2   0.036s   3343477                                      OK
aoc.2019.15/part-1   0.026s   240                                          OK
aoc.2019.15/part-2   0.063s   322                                          OK
aoc.2019.16/part-1   1.768s   94935919                                     OK
aoc.2019.16/part-2   2.830s   24158285                                     OK
aoc.2019.17/part-1   0.013s   3192                                         OK
aoc.2019.17/part-2   0.044s   684691                                       OK
aoc.2019.18/part-1   0.525s   3546                                         OK
aoc.2019.18/part-2   4.356s   1988                                         OK
aoc.2019.19/part-1   0.669s   116                                          OK
aoc.2019.19/part-2   1.003s   10311666                                     OK
aoc.2019.20/part-1   0.059s   422                                          OK
aoc.2019.20/part-2   1.174s   5040                                         OK
aoc.2019.21/part-1   0.012s   19353692                                     OK
aoc.2019.21/part-2   0.224s   1142048514                                   OK
aoc.2019.22/part-1   0.001s   8775                                         OK
aoc.2019.22/part-2   0.001s   47141544607176                               OK
aoc.2019.23/part-1   0.010s   17541                                        OK
aoc.2019.23/part-2   0.108s   12415                                        OK
aoc.2019.24/part-1   0.005s   27777901                                     OK
aoc.2019.24/part-2   1.933s   2047                                         OK
aoc.2019.25/part-1   0.043s   2424308736                                   OK
aoc.2019 (total)    19.350s
aoc.2020.01/part-1   0.003s   100419                                       OK
aoc.2020.01/part-2   0.086s   265253940                                    OK
aoc.2020.02/part-1   0.003s   393                                          OK
aoc.2020.02/part-2   0.001s   690                                          OK
aoc.2020.03/part-1   0.001s   200                                          OK
aoc.2020.03/part-2   0.001s   3737923200                                   OK
aoc.2020.04/part-1   0.002s   216                                          OK
aoc.2020.04/part-2   0.002s   150                                          OK
aoc.2020.05/part-1   0.002s   901                                          OK
aoc.2020.05/part-2   0.002s   661                                          OK
aoc.2020.06/part-1   0.003s   6457                                         OK
aoc.2020.06/part-2   0.003s   3260                                         OK
aoc.2020.07/part-1   0.040s   272                                          OK
aoc.2020.07/part-2   0.002s   172246                                       OK
aoc.2020.08/part-1   0.001s   1797                                         OK
aoc.2020.08/part-2   0.011s   1036                                         OK
aoc.2020.09/part-1   0.083s   3199139634                                   OK
aoc.2020.09/part-2   0.088s   438559930                                    OK
aoc.2020.10/part-1   0.001s   2574                                         OK
aoc.2020.10/part-2   0.000s   2644613988352                                OK
aoc.2020.11/part-1   2.242s   2483                                         OK
aoc.2020.11/part-2   3.255s   2285                                         OK
aoc.2020.12/part-1   0.001s   381                                          OK
aoc.2020.12/part-2   0.002s   28591                                        OK
aoc.2020.13/part-1   0.000s   5257                                         OK
aoc.2020.13/part-2   0.001s   538703333547789                              OK
aoc.2020.14/part-1   0.004s   7817357407588                                OK
aoc.2020.14/part-2   0.045s   4335927555692                                OK
aoc.2020.15/part-1   0.001s   257                                          OK
aoc.2020.15/part-2   8.509s   8546398                                      OK
aoc.2020.16/part-1   0.020s   26053                                        OK
aoc.2020.16/part-2   0.007s   1515506256421                                OK
aoc.2020.17/part-1   0.161s   213                                          OK
aoc.2020.17/part-2   1.777s   1624                                         OK
aoc.2020.18/part-1   0.011s   11297104473091                               OK
aoc.2020.18/part-2   0.006s   185348874183674                              OK
aoc.2020.19/part-1   0.006s   118                                          OK
aoc.2020.19/part-2   0.127s   246                                          OK
aoc.2020.20/part-1   1.331s   23497974998093                               OK
aoc.2020.20/part-2   1.353s   2256                                         OK
aoc.2020.21/part-1   0.001s   2542                                         OK
aoc.2020.21/part-2   0.001s   hkflr,ctmcqjf,bfrq,srxphcm,snmxl,zvx,bd,mqvk OK
aoc.2020.22/part-1   0.002s   31455                                        OK
aoc.2020.22/part-2   1.136s   32528                                        OK
aoc.2020.23/part-1   0.000s   38925764                                     OK
aoc.2020.23/part-2   7.478s   131152940564                                 OK
aoc.2020.24/part-1   0.006s   549                                          OK
aoc.2020.24/part-2   2.404s   4147                                         OK
aoc.2020.25/part-1   0.115s   7032853                                      OK
aoc.2020 (total)    30.359s
aoc.2021.01/part-1   0.002s   1451                                         OK
aoc.2021.01/part-2   0.003s   1395                                         OK
aoc.2021.02/part-1   0.002s   1989265                                      OK
aoc.2021.02/part-2   0.002s   2089174012                                   OK
aoc.2021.03/part-1   0.003s   3895776                                      OK
aoc.2021.03/part-2   0.002s   7928162                                      OK
aoc.2021.04/part-1   0.077s   51776                                        OK
aoc.2021.04/part-2   0.073s   16830                                        OK
aoc.2021.05/part-1   0.099s   6841                                         OK
aoc.2021.05/part-2   0.157s   19258                                        OK
aoc.2021.06/part-1   0.001s   362740                                       OK
aoc.2021.06/part-2   0.000s   1644874076764                                OK
aoc.2021.07/part-1   0.005s   344535                                       OK
aoc.2021.07/part-2   0.005s   95581659                                     OK
aoc.2021.08/part-1   0.009s   530                                          OK
aoc.2021.08/part-2   0.008s   1051087                                      OK
aoc.2021.09/part-1   0.026s   580                                          OK
aoc.2021.09/part-2   0.052s   856716                                       OK
aoc.2021.10/part-1   0.002s   323613                                       OK
aoc.2021.10/part-2   0.001s   3103006161                                   OK
aoc.2021.11/part-1   0.015s   1601                                         OK
aoc.2021.11/part-2   0.045s   368                                          OK
aoc.2021.12/part-1   0.011s   3497                                         OK
aoc.2021.12/part-2   0.153s   93686                                        OK
aoc.2021.13/part-1   0.003s   842                                          OK
aoc.2021.13/part-2   0.004s   BFKRCJZU                                     OK
aoc.2021.14/part-1   0.002s   3213                                         OK
aoc.2021.14/part-2   0.004s   3711743744429                                OK
aoc.2021.15/part-1   0.072s   583                                          OK
aoc.2021.15/part-2   1.908s   2927                                         OK
aoc.2021.16/part-1   0.020s   1014                                         OK
aoc.2021.16/part-2   0.016s   1922490999789                                OK
aoc.2021.17/part-1   0.149s   5671                                         OK
aoc.2021.17/part-2   0.114s   4556                                         OK
aoc.2021.18/part-1   0.027s   3691                                         OK
aoc.2021.18/part-2   0.169s   4756                                         OK
aoc.2021.19/part-1   0.295s   376                                          OK
aoc.2021.19/part-2   0.275s   10772                                        OK
aoc.2021.20/part-1   0.210s   5081                                         OK
aoc.2021.20/part-2  10.358s   15088                                        OK
aoc.2021.21/part-1   0.001s   929625                                       OK
aoc.2021.21/part-2   0.351s   175731756652760                              OK
aoc.2021.22/part-1   0.028s   647062                                       OK
aoc.2021.22/part-2   0.053s   1319618626668022                             OK
aoc.2021.23/part-1   0.978s   13066                                        OK
aoc.2021.23/part-2   6.463s   47328                                        OK
aoc.2021.24/part-1   0.001s   99394899891971                               OK
aoc.2021.24/part-2   0.001s   92171126131911                               OK
aoc.2021.25/part-1   1.082s   329                                          OK
aoc.2021 (total)    23.372s
aoc      (total)   392.673s
